<?xml version="1.0" encoding="UTF-8"?>
<!-- Generated by org.testng.reporters.JUnitReportReporter -->
<testsuite hostname="vn" name="com.westpac.tests.functionality.NewTest" tests="4" failures="0" timestamp="7 Feb 2017 09:10:08 GMT" time="59.261" errors="0">
  <testcase name="tc03_positive_verifyConversionFunctionality" time="12.582" classname="com.westpac.tests.functionality.NewTest"/>
  <testcase name="tc03_positive_verifyConversionFunctionality" time="17.279" classname="com.westpac.tests.functionality.NewTest"/>
  <testcase name="tc03_positive_verifyConversionFunctionality" time="14.921" classname="com.westpac.tests.functionality.NewTest"/>
  <testcase name="tc03_positive_verifyConversionFunctionality" time="14.479" classname="com.westpac.tests.functionality.NewTest"/>
</testsuite> <!-- com.westpac.tests.functionality.NewTest -->
