<?xml version="1.0" encoding="UTF-8"?>
<!-- Generated by org.testng.reporters.JUnitReportReporter -->
<testsuite hostname="vn" name="com.westpac.tests.functionality.HomePageFunctionalityTest" tests="1" failures="0" timestamp="7 Feb 2017 15:06:24 GMT" time="0.037" errors="0">
  <testcase name="tc01_positive_verifyHomePageTitle" time="0.037" classname="com.westpac.tests.functionality.HomePageFunctionalityTest"/>
</testsuite> <!-- com.westpac.tests.functionality.HomePageFunctionalityTest -->
